2017-07-31 16:58:10 INFO  Passenger:24 - пассажир 9 пришел на ЭТАЖ 5
2017-07-31 16:58:10 INFO  Elevator:44 - лифт  начал работу
2017-07-31 16:58:10 INFO  Passenger:24 - пассажир 10 пришел на ЭТАЖ 3
2017-07-31 16:58:10 INFO  Passenger:24 - пассажир 8 пришел на ЭТАЖ 3
2017-07-31 16:58:10 INFO  Passenger:24 - пассажир 1 пришел на ЭТАЖ 1
2017-07-31 16:58:10 INFO  Passenger:24 - пассажир 7 пришел на ЭТАЖ 5
2017-07-31 16:58:10 INFO  Passenger:24 - пассажир 4 пришел на ЭТАЖ 4
2017-07-31 16:58:10 INFO  Passenger:24 - пассажир 3 пришел на ЭТАЖ 5
2017-07-31 16:58:10 INFO  Passenger:24 - пассажир 6 пришел на ЭТАЖ 4
2017-07-31 16:58:10 INFO  Passenger:24 - пассажир 5 пришел на ЭТАЖ 4
2017-07-31 16:58:10 INFO  Passenger:24 - пассажир 2 пришел на ЭТАЖ 3
2017-07-31 16:58:10 INFO  Elevator:97 - лифт приехал на этаж1 пассажиры заходят
2017-07-31 16:58:10 INFO  Elevator:28 - пассажир сел на этаже 1
2017-07-31 16:58:10 INFO  Elevator:97 - лифт приехал на этаж2 пассажиры заходят
2017-07-31 16:58:10 INFO  Elevator:97 - лифт приехал на этаж3 пассажиры заходят
2017-07-31 16:58:10 INFO  Elevator:28 - пассажир сел на этаже 3
2017-07-31 16:58:10 INFO  Elevator:28 - пассажир сел на этаже 3
2017-07-31 16:58:10 INFO  Elevator:28 - пассажир сел на этаже 4
2017-07-31 16:58:10 INFO  Elevator:97 - лифт приехал на этаж4 пассажиры заходят
2017-07-31 16:58:10 INFO  Elevator:28 - пассажир сел на этаже 4
2017-07-31 16:58:10 INFO  Elevator:81 - пассажир вышел на этаже 4
2017-07-31 16:58:10 INFO  Passenger:27 - пассажир 2 приехал на свой этаж
2017-07-31 16:58:10 INFO  Elevator:81 - пассажир вышел на этаже 4
2017-07-31 16:58:10 INFO  Passenger:27 - пассажир 1 приехал на свой этаж
2017-07-31 16:58:10 INFO  Elevator:28 - пассажир сел на этаже 4
2017-07-31 16:58:10 INFO  Elevator:28 - пассажир сел на этаже 4
2017-07-31 16:58:10 INFO  Elevator:97 - лифт приехал на этаж5 пассажиры заходят
2017-07-31 16:58:10 INFO  Elevator:33 - Elevator is full
2017-07-31 16:58:10 INFO  Floor:26 - пассажир сел в лифт на этаже5
2017-07-31 16:58:10 INFO  Elevator:81 - пассажир вышел на этаже 5
2017-07-31 16:58:10 INFO  Passenger:27 - пассажир 4 приехал на свой этаж
2017-07-31 16:58:10 INFO  Elevator:28 - пассажир сел на этаже 5
2017-07-31 16:58:10 INFO  Elevator:33 - Elevator is full
2017-07-31 16:58:10 INFO  Floor:26 - пассажир сел в лифт на этаже5
2017-07-31 16:58:10 INFO  Elevator:97 - лифт приехал на этаж1 пассажиры заходят
2017-07-31 16:58:10 INFO  Elevator:81 - пассажир вышел на этаже 1
2017-07-31 16:58:10 INFO  Passenger:27 - пассажир 10 приехал на свой этаж
2017-07-31 16:58:10 INFO  Elevator:97 - лифт приехал на этаж2 пассажиры заходят
2017-07-31 16:58:10 INFO  Elevator:81 - пассажир вышел на этаже 2
2017-07-31 16:58:10 INFO  Passenger:27 - пассажир 8 приехал на свой этаж
2017-07-31 16:58:10 INFO  Elevator:81 - пассажир вышел на этаже 2
2017-07-31 16:58:10 INFO  Passenger:27 - пассажир 9 приехал на свой этаж
2017-07-31 16:58:10 INFO  Elevator:97 - лифт приехал на этаж3 пассажиры заходят
2017-07-31 16:58:10 INFO  Elevator:81 - пассажир вышел на этаже 3
2017-07-31 16:58:10 INFO  Passenger:27 - пассажир 5 приехал на свой этаж
2017-07-31 16:58:10 INFO  Elevator:81 - пассажир вышел на этаже 3
2017-07-31 16:58:10 INFO  Passenger:27 - пассажир 6 приехал на свой этаж
2017-07-31 16:58:10 INFO  Elevator:97 - лифт приехал на этаж4 пассажиры заходят
2017-07-31 16:58:10 INFO  Elevator:97 - лифт приехал на этаж5 пассажиры заходят
2017-07-31 16:58:10 INFO  Elevator:28 - пассажир сел на этаже 5
2017-07-31 16:58:10 INFO  Elevator:28 - пассажир сел на этаже 5
2017-07-31 16:58:10 INFO  Elevator:97 - лифт приехал на этаж1 пассажиры заходят
2017-07-31 16:58:10 INFO  Elevator:97 - лифт приехал на этаж2 пассажиры заходят
2017-07-31 16:58:10 INFO  Elevator:81 - пассажир вышел на этаже 2
2017-07-31 16:58:10 INFO  Passenger:27 - пассажир 3 приехал на свой этаж
2017-07-31 16:58:10 INFO  Elevator:97 - лифт приехал на этаж3 пассажиры заходят
2017-07-31 16:58:10 INFO  Elevator:81 - пассажир вышел на этаже 3
2017-07-31 16:58:10 INFO  Passenger:27 - пассажир 7 приехал на свой этаж
